so far so good
initializing app
--- 27.355720043182373 seconds ---[GENERATED KEYWORD LIST]
--- 27.35635018348694 seconds ---[GENERATED KEYWORD LIST-DEDUPED]
--- 27.437925100326538 seconds ---[GENERATED KEYWORD LIST-COUNT]
--- 27.438164710998535 seconds ---[GENERATED N-GRAMS]


--- 25.703430891036987 seconds ---[GENERATED KEYWORD LIST]
--- 25.704070568084717 seconds ---[GENERATED KEYWORD LIST-DEDUPED]
--- 25.782550573349 seconds ---[GENERATED KEYWORD LIST-COUNT]
--- 25.78294062614441 seconds ---[GENERATED N-GRAMS]


--- 25.89119267463684 seconds ---[GENERATED KEYWORD LIST]
--- 25.89609980583191 seconds ---[GENERATED KEYWORD LIST-DEDUPED]
--- 26.029380798339844 seconds ---[GENERATED KEYWORD LIST-COUNT]
--- 26.029657125473022 seconds ---[GENERATED N-GRAMS]


so far so good
initializing app
--- 27.04326629638672 seconds ---[GENERATED KEYWORD LIST]
--- 27.043877124786377 seconds ---[GENERATED KEYWORD LIST-DEDUPED]
--- 27.12717294692993 seconds ---[GENERATED KEYWORD LIST-COUNT]
--- 27.127807140350342 seconds ---[GENERATED N-GRAMS]


--- 29.923822164535522 seconds ---[GENERATED KEYWORD LIST]
--- 29.924439191818237 seconds ---[GENERATED KEYWORD LIST-DEDUPED]
--- 30.003147840499878 seconds ---[GENERATED KEYWORD LIST-COUNT]
--- 30.003493070602417 seconds ---[GENERATED N-GRAMS]


--- 29.131547212600708 seconds ---[GENERATED KEYWORD LIST]
--- 29.132163763046265 seconds ---[GENERATED KEYWORD LIST-DEDUPED]
--- 29.211968898773193 seconds ---[GENERATED KEYWORD LIST-COUNT]
--- 29.21231508255005 seconds ---[GENERATED N-GRAMS]


--- 29.962347984313965 seconds ---[GENERATED KEYWORD LIST]
--- 29.962978839874268 seconds ---[GENERATED KEYWORD LIST-DEDUPED]
--- 30.043182611465454 seconds ---[GENERATED KEYWORD LIST-COUNT]
--- 30.04355525970459 seconds ---[GENERATED N-GRAMS]


--- 25.656741857528687 seconds ---[GENERATED KEYWORD LIST]
--- 25.657387733459473 seconds ---[GENERATED KEYWORD LIST-DEDUPED]
--- 25.73772692680359 seconds ---[GENERATED KEYWORD LIST-COUNT]
--- 25.738092184066772 seconds ---[GENERATED N-GRAMS]


--- 25.669131755828857 seconds ---[GENERATED KEYWORD LIST]
--- 25.66974711418152 seconds ---[GENERATED KEYWORD LIST-DEDUPED]
--- 25.74962043762207 seconds ---[GENERATED KEYWORD LIST-COUNT]
--- 25.749991178512573 seconds ---[GENERATED N-GRAMS]


--- 29.23092746734619 seconds ---[GENERATED KEYWORD LIST]
--- 29.231547117233276 seconds ---[GENERATED KEYWORD LIST-DEDUPED]
--- 29.31137180328369 seconds ---[GENERATED KEYWORD LIST-COUNT]
--- 29.3117356300354 seconds ---[GENERATED N-GRAMS]


--- 25.76999306678772 seconds ---[GENERATED KEYWORD LIST]
--- 25.770625114440918 seconds ---[GENERATED KEYWORD LIST-DEDUPED]
--- 25.850745916366577 seconds ---[GENERATED KEYWORD LIST-COUNT]
--- 25.85088539123535 seconds ---[GENERATED N-GRAMS]


so far so good
initializing app
--- 27.619853496551514 seconds ---[GENERATED KEYWORD LIST]
--- 27.620479345321655 seconds ---[GENERATED KEYWORD LIST-DEDUPED]
--- 27.692530155181885 seconds ---[GENERATED KEYWORD LIST-COUNT]
--- 27.693155765533447 seconds ---[GENERATED N-GRAMS]


so far so good
initializing app
so far so good
initializing app
so far so good
initializing app
so far so good
initializing app
so far so good
initializing app
so far so good
initializing app
so far so good
initializing app
so far so good
initializing app
so far so good
initializing app
